-----------------------------------------------------------------
[1848] 2016/12/20 10:15:06.074 Login ID: SUB0007237
[1848] 2016/12/20 10:15:06.075 Version¡G2.13.4
[1848] 2016/12/20 10:15:06.421 Login Code: 0
[1848] 2016/12/20 17:27:19.364 -----------------------------------------------------------------
[8968] 2016/12/27 15:16:44.649 Login ID: SUB0007237
[8968] 2016/12/27 15:16:44.650 Version¡G2.13.4
[8968] 2016/12/27 15:16:44.949 Login Code: 0
[8968] 2016/12/27 15:21:43.034 -----------------------------------------------------------------
[9376] 2016/12/28 10:05:49.031 Login ID: SUB0007237
[9376] 2016/12/28 10:05:49.032 Version¡G2.13.4
[9376] 2016/12/28 10:05:49.339 Login Code: 0
[9376] 2016/12/28 10:07:30.209 -----------------------------------------------------------------
[5512] 2016/12/28 11:42:39.772 Login ID: SUB0007237
[5512] 2016/12/28 11:42:39.773 Version¡G2.13.4
[5512] 2016/12/28 11:42:40.254 Login Code: 0
[9048] 2016/12/28 17:12:52.081 Login ID: SUB0007237
[9048] 2016/12/28 17:12:52.081 Version¡G2.13.4
[9048] 2016/12/28 17:12:52.481 Login Code: 0
[9048] 2016/12/28 17:16:39.822 -----------------------------------------------------------------
